<?xml version="1.0" encoding="UTF-8"?>
<coverage generated="1685916759469" clover="3.2.0">
  <project timestamp="1685916759469" name="All files">
    <metrics statements="14" coveredstatements="12" conditionals="2" coveredconditionals="1" methods="4" coveredmethods="3" elements="20" coveredelements="16" complexity="0" loc="14" ncloc="14" packages="1" files="2" classes="2"/>
    <file name="fs.js" path="/Users/sy/Desktop/labs/lab-json-and-persisting-data/src/fs.js">
      <metrics statements="6" coveredstatements="4" conditionals="2" coveredconditionals="1" methods="2" coveredmethods="1"/>
      <line num="1" count="1" type="stmt"/>
      <line num="14" count="0" type="stmt"/>
      <line num="15" count="0" type="stmt"/>
      <line num="28" count="2" type="stmt"/>
      <line num="29" count="1" type="cond" truecount="1" falsecount="1"/>
      <line num="32" count="1" type="stmt"/>
    </file>
    <file name="gen.js" path="/Users/sy/Desktop/labs/lab-json-and-persisting-data/src/gen.js">
      <metrics statements="8" coveredstatements="8" conditionals="0" coveredconditionals="0" methods="2" coveredmethods="2"/>
      <line num="1" count="1" type="stmt"/>
      <line num="4" count="6" type="stmt"/>
      <line num="14" count="6" type="stmt"/>
      <line num="18" count="1" type="stmt"/>
      <line num="19" count="1" type="stmt"/>
      <line num="20" count="5" type="stmt"/>
      <line num="22" count="1" type="stmt"/>
      <line num="25" count="1" type="stmt"/>
    </file>
  </project>
</coverage>
