{"/Users/sy/Desktop/labs/lab-json-and-persisting-data/src/fs.js": {"path":"/Users/sy/Desktop/labs/lab-json-and-persisting-data/src/fs.js","statementMap":{"0":{"start":{"line":1,"column":40},"end":{"line":1,"column":58}},"1":{"start":{"line":14,"column":4},"end":{"line":14,"column":32}},"2":{"start":{"line":15,"column":4},"end":{"line":15,"column":73}},"3":{"start":{"line":28,"column":17},"end":{"line":28,"column":57}},"4":{"start":{"line":29,"column":4},"end":{"line":29,"column":40}},"5":{"start":{"line":32,"column":0},"end":{"line":35,"column":1}}},"fnMap":{"0":{"name":"writeJSON","decl":{"start":{"line":13,"column":9},"end":{"line":13,"column":18}},"loc":{"start":{"line":13,"column":37},"end":{"line":16,"column":1}},"line":13},"1":{"name":"readJSON","decl":{"start":{"line":27,"column":9},"end":{"line":27,"column":17}},"loc":{"start":{"line":27,"column":30},"end":{"line":30,"column":1}},"line":27}},"branchMap":{"0":{"loc":{"start":{"line":29,"column":11},"end":{"line":29,"column":39}},"type":"cond-expr","locations":[{"start":{"line":29,"column":18},"end":{"line":29,"column":34}},{"start":{"line":29,"column":37},"end":{"line":29,"column":39}}],"line":29}},"s":{"0":1,"1":0,"2":0,"3":2,"4":1,"5":1},"f":{"0":0,"1":2},"b":{"0":[1,0]},"_coverageSchema":"1a1c01bbd47fc00a2c39e90264f33305004495a9","hash":"2bd436a09100bd3a2eaadab6f389b07e33eabab0"}
,"/Users/sy/Desktop/labs/lab-json-and-persisting-data/src/gen.js": {"path":"/Users/sy/Desktop/labs/lab-json-and-persisting-data/src/gen.js","statementMap":{"0":{"start":{"line":1,"column":18},"end":{"line":1,"column":44}},"1":{"start":{"line":4,"column":20},"end":{"line":12,"column":5}},"2":{"start":{"line":14,"column":4},"end":{"line":14,"column":19}},"3":{"start":{"line":18,"column":16},"end":{"line":18,"column":18}},"4":{"start":{"line":19,"column":4},"end":{"line":21,"column":5}},"5":{"start":{"line":19,"column":20},"end":{"line":19,"column":21}},"6":{"start":{"line":20,"column":8},"end":{"line":20,"column":30}},"7":{"start":{"line":22,"column":4},"end":{"line":22,"column":15}},"8":{"start":{"line":25,"column":0},"end":{"line":28,"column":1}}},"fnMap":{"0":{"name":"createObj","decl":{"start":{"line":3,"column":9},"end":{"line":3,"column":18}},"loc":{"start":{"line":3,"column":20},"end":{"line":15,"column":1}},"line":3},"1":{"name":"createArrF","decl":{"start":{"line":17,"column":9},"end":{"line":17,"column":19}},"loc":{"start":{"line":17,"column":24},"end":{"line":23,"column":1}},"line":17}},"branchMap":{},"s":{"0":1,"1":6,"2":6,"3":1,"4":1,"5":1,"6":5,"7":1,"8":1},"f":{"0":6,"1":1},"b":{},"_coverageSchema":"1a1c01bbd47fc00a2c39e90264f33305004495a9","hash":"85f08afac996eda53fb197058ba94dd10178717e"}
}
